Using pre-set license
Built from '2020.3/staging' branch; Version is '2020.3.30f1 (1fb1bf06830e) revision 2077119'; Using compiler version '192528614'; Build Type 'Release'
OS: 'Windows 10  (10.0.19043) 64bit Core' Language: 'ko' Physical Memory: 32676 MB
BatchMode: 1, IsHumanControllingUs: 0, StartBugReporterOnCrash: 0, Is64bit: 1, IsPro: 0

COMMAND LINE ARGUMENTS:
C:\Program Files\Unity\Hub\Editor\2020.3.30f1\Editor\Unity.exe
-adb2
-batchMode
-noUpm
-name
AssetImportWorker0
-projectPath
C:/Unity Projects/JlMetroidvaniaProject/Metroidvania
-logFile
Logs/AssetImportWorker0.log
-srvPort
52746
Successfully changed project path to: C:/Unity Projects/JlMetroidvaniaProject/Metroidvania
C:/Unity Projects/JlMetroidvaniaProject/Metroidvania
Using Asset Import Pipeline V2.
Refreshing native plugins compatible for Editor in 38.75 ms, found 3 plugins.
Preloading 0 native plugins for Editor in 0.00 ms.
Initialize engine version: 2020.3.30f1 (1fb1bf06830e)
[Subsystems] Discovering subsystems at path C:/Program Files/Unity/Hub/Editor/2020.3.30f1/Editor/Data/Resources/UnitySubsystems
[Subsystems] Discovering subsystems at path C:/Unity Projects/JlMetroidvaniaProject/Metroidvania/Assets
GfxDevice: creating device client; threaded=0
Direct3D:
    Version:  Direct3D 11.0 [level 11.1]
    Renderer: NVIDIA GeForce GTX 1660 (ID=0x2184)
    Vendor:   
    VRAM:     5991 MB
    Driver:   30.0.14.7168
Initialize mono
Mono path[0] = 'C:/Program Files/Unity/Hub/Editor/2020.3.30f1/Editor/Data/Managed'
Mono path[1] = 'C:/Program Files/Unity/Hub/Editor/2020.3.30f1/Editor/Data/MonoBleedingEdge/lib/mono/unityjit'
Mono config path = 'C:/Program Files/Unity/Hub/Editor/2020.3.30f1/Editor/Data/MonoBleedingEdge/etc'
Using monoOptions --debugger-agent=transport=dt_socket,embedding=1,server=y,suspend=n,address=127.0.0.1:56264
Begin MonoManager ReloadAssembly
Registering precompiled unity dll's ...
Register platform support module: C:/Program Files/Unity/Hub/Editor/2020.3.30f1/Editor/Data/PlaybackEngines/WindowsStandaloneSupport/UnityEditor.WindowsStandalone.Extensions.dll
Registered in 0.002229 seconds.
Native extension for WindowsStandalone target not found
Refreshing native plugins compatible for Editor in 36.48 ms, found 3 plugins.
Preloading 0 native plugins for Editor in 0.00 ms.
Mono: successfully reloaded assembly
- Completed reload, in  0.402 seconds
Domain Reload Profiling:
	ReloadAssembly (402ms)
		BeginReloadAssembly (53ms)
			ExecutionOrderSort (0ms)
			DisableScriptedObjects (0ms)
			BackupInstance (0ms)
			ReleaseScriptingObjects (0ms)
			CreateAndSetChildDomain (0ms)
		EndReloadAssembly (296ms)
			LoadAssemblies (51ms)
			RebuildTransferFunctionScriptingTraits (0ms)
			SetupTypeCache (89ms)
			ReleaseScriptCaches (0ms)
			RebuildScriptCaches (18ms)
			SetupLoadedEditorAssemblies (119ms)
				LogAssemblyErrors (0ms)
				InitializePlatformSupportModulesInManaged (3ms)
				SetLoadedEditorAssemblies (0ms)
				RefreshPlugins (37ms)
				BeforeProcessingInitializeOnLoad (8ms)
				ProcessInitializeOnLoadAttributes (53ms)
				ProcessInitializeOnLoadMethodAttributes (18ms)
				AfterProcessingInitializeOnLoad (0ms)
				EditorAssembliesLoaded (0ms)
			ExecutionOrderSort2 (0ms)
			AwakeInstancesAfterBackupRestoration (0ms)
Platform modules already initialized, skipping
Registering precompiled user dll's ...
Registered in 0.003600 seconds.
Begin MonoManager ReloadAssembly
Native extension for WindowsStandalone target not found
Refreshing native plugins compatible for Editor in 35.63 ms, found 3 plugins.
Preloading 0 native plugins for Editor in 0.00 ms.
Mono: successfully reloaded assembly
- Completed reload, in  0.787 seconds
Domain Reload Profiling:
	ReloadAssembly (788ms)
		BeginReloadAssembly (112ms)
			ExecutionOrderSort (0ms)
			DisableScriptedObjects (3ms)
			BackupInstance (0ms)
			ReleaseScriptingObjects (0ms)
			CreateAndSetChildDomain (15ms)
		EndReloadAssembly (630ms)
			LoadAssemblies (87ms)
			RebuildTransferFunctionScriptingTraits (0ms)
			SetupTypeCache (183ms)
			ReleaseScriptCaches (0ms)
			RebuildScriptCaches (33ms)
			SetupLoadedEditorAssemblies (265ms)
				LogAssemblyErrors (0ms)
				InitializePlatformSupportModulesInManaged (3ms)
				SetLoadedEditorAssemblies (0ms)
				RefreshPlugins (36ms)
				BeforeProcessingInitializeOnLoad (68ms)
				ProcessInitializeOnLoadAttributes (139ms)
				ProcessInitializeOnLoadMethodAttributes (12ms)
				AfterProcessingInitializeOnLoad (7ms)
				EditorAssembliesLoaded (0ms)
			ExecutionOrderSort2 (0ms)
			AwakeInstancesAfterBackupRestoration (4ms)
Platform modules already initialized, skipping
========================================================================
Worker process is ready to serve import requests
Launched and connected shader compiler UnityShaderCompiler.exe after 0.04 seconds
Refreshing native plugins compatible for Editor in 0.55 ms, found 3 plugins.
Preloading 0 native plugins for Editor in 0.00 ms.
Unloading 2802 Unused Serialized files (Serialized files now loaded: 0)
System memory in use before: 115.4 MB.
System memory in use after: 115.4 MB.

Unloading 32 unused Assets to reduce memory usage. Loaded Objects now: 3232.
Total: 2.765000 ms (FindLiveObjects: 0.204000 ms CreateObjectMapping: 0.084100 ms MarkObjects: 2.367800 ms  DeleteObjects: 0.108600 ms)

AssetImportParameters requested are different than current active one (requested -> active):
  custom:framework-win-MediaFoundation: 216162199b28c13a410421893ffa2e32 -> 
  custom:video-decoder-ogg-theora: a1e56fd34408186e4bbccfd4996cb3dc -> 
  custom:container-muxer-webm: aa71ff27fc2769a1b78a27578f13a17b -> 
  custom:container-demuxer-webm: 4f35f7cbe854078d1ac9338744f61a02 -> 
  custom:container-demuxer-ogg: 62fdf1f143b41e24485cea50d1cbac27 -> 
  custom:video-encoder-webm-vp8: eb34c28f22e8b96e1ab97ce403110664 -> 
  custom:video-decoder-webm-vp8: 9c59270c3fd7afecdb556c50c9e8de78 -> 
  custom:audio-decoder-ogg-vorbis: bf7c407c2cedff20999df2af8eb42d56 -> 
  custom:audio-encoder-webm-vorbis: bf7c407c2cedff20999df2af8eb42d56 -> 
========================================================================
Received Import Request.
  path: Assets/Sprites/_0031_white.png
  artifactKey: Guid(36951cd422a87df4f83f06513c791cf8) Importer(815301076,1909f56bfc062723c751e8b465ee728b)
Start importing Assets/Sprites/_0031_white.png using Guid(36951cd422a87df4f83f06513c791cf8) Importer(815301076,1909f56bfc062723c751e8b465ee728b)  -> (artifact id: '10a87cd5b879cc5ad962f42851f4ecd9') in 0.092405 seconds 
========================================================================
Received Import Request.
  Time since last request: 0.000201 seconds.
  path: Assets/Sprites/break_wall_ancient_variant.png
  artifactKey: Guid(0b1e4dbd4e8b0cd428adf0b6642c3447) Importer(815301076,1909f56bfc062723c751e8b465ee728b)
Start importing Assets/Sprites/break_wall_ancient_variant.png using Guid(0b1e4dbd4e8b0cd428adf0b6642c3447) Importer(815301076,1909f56bfc062723c751e8b465ee728b)  -> (artifact id: '39d4c7b0561bbc2d81e117566dd4dc97') in 0.014260 seconds 
========================================================================
Received Import Request.
  Time since last request: 0.000130 seconds.
  path: Assets/Sprites/_0052_white #82403.png
  artifactKey: Guid(f4238fdf468268243a763bde2b3e83cf) Importer(815301076,1909f56bfc062723c751e8b465ee728b)
Start importing Assets/Sprites/_0052_white #82403.png using Guid(f4238fdf468268243a763bde2b3e83cf) Importer(815301076,1909f56bfc062723c751e8b465ee728b)  -> (artifact id: '18e5a4b5c119a0008ebabdc95887b659') in 0.011760 seconds 
========================================================================
Received Import Request.
  Time since last request: 0.000126 seconds.
  path: Assets/Sprites/_0064_white.png
  artifactKey: Guid(df55e4599ae5cc04fb83039de81f9163) Importer(815301076,1909f56bfc062723c751e8b465ee728b)
Start importing Assets/Sprites/_0064_white.png using Guid(df55e4599ae5cc04fb83039de81f9163) Importer(815301076,1909f56bfc062723c751e8b465ee728b)  -> (artifact id: '9efb4840fa981ae66c26e5ae7f6844ee') in 0.011877 seconds 
========================================================================
Received Import Request.
  Time since last request: 0.000127 seconds.
  path: Assets/Sprites/wp_plat_float_01.png
  artifactKey: Guid(dbffc170efcaf8e42ae04a0bb5213539) Importer(815301076,1909f56bfc062723c751e8b465ee728b)
Start importing Assets/Sprites/wp_plat_float_01.png using Guid(dbffc170efcaf8e42ae04a0bb5213539) Importer(815301076,1909f56bfc062723c751e8b465ee728b)  -> (artifact id: '178dd88850cab10cd0cac2a72ff891ab') in 0.013322 seconds 
========================================================================
Received Import Request.
  Time since last request: 0.000134 seconds.
  path: Assets/Sprites/_0052_white #34703.png
  artifactKey: Guid(6ee1eb145e439ae4187f13bd8feda26f) Importer(815301076,1909f56bfc062723c751e8b465ee728b)
Start importing Assets/Sprites/_0052_white #34703.png using Guid(6ee1eb145e439ae4187f13bd8feda26f) Importer(815301076,1909f56bfc062723c751e8b465ee728b)  -> (artifact id: 'a31ec10b99b841b3758430c8d4bc60e9') in 0.010815 seconds 
========================================================================
Received Import Request.
  Time since last request: 0.000129 seconds.
  path: Assets/Sprites/_0064_white #34712.png
  artifactKey: Guid(ac93da29191c5cb4b9344b60d782b4e7) Importer(815301076,1909f56bfc062723c751e8b465ee728b)
Start importing Assets/Sprites/_0064_white #34712.png using Guid(ac93da29191c5cb4b9344b60d782b4e7) Importer(815301076,1909f56bfc062723c751e8b465ee728b)  -> (artifact id: '19bd547a320cac124d73b68b2c4897ac') in 0.010352 seconds 
========================================================================
Received Import Request.
  Time since last request: 0.000132 seconds.
  path: Assets/Sprites/centipede_pit0005.png
  artifactKey: Guid(b380c4afaf635414d8108498c773edae) Importer(815301076,1909f56bfc062723c751e8b465ee728b)
Start importing Assets/Sprites/centipede_pit0005.png using Guid(b380c4afaf635414d8108498c773edae) Importer(815301076,1909f56bfc062723c751e8b465ee728b)  -> (artifact id: '5426835c9246781186e5bd4a40c7ae02') in 0.015688 seconds 
========================================================================
Received Import Request.
  Time since last request: 0.000133 seconds.
  path: Assets/Sprites/wp_rib_back.png
  artifactKey: Guid(fdae9752d2655634d918e39da11c302e) Importer(815301076,1909f56bfc062723c751e8b465ee728b)
Start importing Assets/Sprites/wp_rib_back.png using Guid(fdae9752d2655634d918e39da11c302e) Importer(815301076,1909f56bfc062723c751e8b465ee728b)  -> (artifact id: '4aee36b717d165d0448654226bcd8fca') in 0.016858 seconds 
========================================================================
Received Import Request.
  Time since last request: 0.000137 seconds.
  path: Assets/Sprites/_0064_white #82412.png
  artifactKey: Guid(d89ec460c76c0ca4ea42f6bb7a6c1586) Importer(815301076,1909f56bfc062723c751e8b465ee728b)
Start importing Assets/Sprites/_0064_white #82412.png using Guid(d89ec460c76c0ca4ea42f6bb7a6c1586) Importer(815301076,1909f56bfc062723c751e8b465ee728b)  -> (artifact id: '0f7331a547f0988504d50a98aa9fd44d') in 0.011331 seconds 
========================================================================
Received Import Request.
  Time since last request: 0.000132 seconds.
  path: Assets/Sprites/centipede_pit0003.png
  artifactKey: Guid(eb6c6fc075dc5ec4ba70377ffb34eb2b) Importer(815301076,1909f56bfc062723c751e8b465ee728b)
Start importing Assets/Sprites/centipede_pit0003.png using Guid(eb6c6fc075dc5ec4ba70377ffb34eb2b) Importer(815301076,1909f56bfc062723c751e8b465ee728b)  -> (artifact id: '2fe2c9eb1769833bd853fa9a36966a57') in 0.012429 seconds 
========================================================================
Received Import Request.
  Time since last request: 0.000138 seconds.
  path: Assets/Sprites/wp_floor_long.png
  artifactKey: Guid(e99712e3e286fad4b8a6b27eafeb3341) Importer(815301076,1909f56bfc062723c751e8b465ee728b)
Start importing Assets/Sprites/wp_floor_long.png using Guid(e99712e3e286fad4b8a6b27eafeb3341) Importer(815301076,1909f56bfc062723c751e8b465ee728b)  -> (artifact id: '81438b40803262d094cff7df78f910c5') in 0.015016 seconds 
========================================================================
Received Import Request.
  Time since last request: 0.000153 seconds.
  path: Assets/Sprites/_0052_white.png
  artifactKey: Guid(a20103e98c46da14998cc3af3c3d5c24) Importer(815301076,1909f56bfc062723c751e8b465ee728b)
Start importing Assets/Sprites/_0052_white.png using Guid(a20103e98c46da14998cc3af3c3d5c24) Importer(815301076,1909f56bfc062723c751e8b465ee728b)  -> (artifact id: '9c19e608ae4caa65d251d2c0a7c88fc4') in 0.011658 seconds 
========================================================================
Received Import Request.
  Time since last request: 0.000158 seconds.
  path: Assets/Sprites/centipede_pit0002.png
  artifactKey: Guid(8f20fb4ae31ae2249b5a8872b432ae9c) Importer(815301076,1909f56bfc062723c751e8b465ee728b)
Start importing Assets/Sprites/centipede_pit0002.png using Guid(8f20fb4ae31ae2249b5a8872b432ae9c) Importer(815301076,1909f56bfc062723c751e8b465ee728b)  -> (artifact id: 'b07715e9763fda5ad02d71327f1aae53') in 0.014042 seconds 
========================================================================
Received Import Request.
  Time since last request: 0.000134 seconds.
  path: Assets/Sprites/centipede_pit0001.png
  artifactKey: Guid(06b7c622f76bd084cb0713413a29c695) Importer(815301076,1909f56bfc062723c751e8b465ee728b)
Start importing Assets/Sprites/centipede_pit0001.png using Guid(06b7c622f76bd084cb0713413a29c695) Importer(815301076,1909f56bfc062723c751e8b465ee728b)  -> (artifact id: 'a493dc9d798d3f6b5f09b332daa1cbf4') in 0.012212 seconds 
========================================================================
Received Import Request.
  Time since last request: 0.000133 seconds.
  path: Assets/Sprites/_0060_white.png
  artifactKey: Guid(c80f8dd262386a94491ae0ce9e1d2409) Importer(815301076,1909f56bfc062723c751e8b465ee728b)
Start importing Assets/Sprites/_0060_white.png using Guid(c80f8dd262386a94491ae0ce9e1d2409) Importer(815301076,1909f56bfc062723c751e8b465ee728b)  -> (artifact id: 'a817a79e110aa4c9d644fdadafff132c') in 0.015107 seconds 
========================================================================
Received Import Request.
  Time since last request: 0.000124 seconds.
  path: Assets/Sprites/wp_floor_short.png
  artifactKey: Guid(e17c14e21084ab9458aad16d36c06c57) Importer(815301076,1909f56bfc062723c751e8b465ee728b)
Start importing Assets/Sprites/wp_floor_short.png using Guid(e17c14e21084ab9458aad16d36c06c57) Importer(815301076,1909f56bfc062723c751e8b465ee728b)  -> (artifact id: '084046c5066c1e19473b1d8c457994f1') in 0.012121 seconds 
========================================================================
Received Import Request.
  Time since last request: 0.000128 seconds.
  path: Assets/Sprites/centipede_pit0004.png
  artifactKey: Guid(61a7f80bc8086564da22922a2860c9ee) Importer(815301076,1909f56bfc062723c751e8b465ee728b)
Start importing Assets/Sprites/centipede_pit0004.png using Guid(61a7f80bc8086564da22922a2860c9ee) Importer(815301076,1909f56bfc062723c751e8b465ee728b)  -> (artifact id: '1d0fb6bd2dca2c2915b38f8430808d92') in 0.015467 seconds 
========================================================================
Received Import Request.
  Time since last request: 0.000135 seconds.
  path: Assets/Sprites/SpriteAtlasTexture-Stag_Station (Group 0)-1024x1024-fmt12.png
  artifactKey: Guid(9798dc03b5e97e940bb21d9b3c48ca23) Importer(815301076,1909f56bfc062723c751e8b465ee728b)
Start importing Assets/Sprites/SpriteAtlasTexture-Stag_Station (Group 0)-1024x1024-fmt12.png using Guid(9798dc03b5e97e940bb21d9b3c48ca23) Importer(815301076,1909f56bfc062723c751e8b465ee728b)  -> (artifact id: '633d43f94202328b5ed1d426791bc9ba') in 0.017327 seconds 
========================================================================
Received Import Request.
  Time since last request: 0.000115 seconds.
  path: Assets/Sprites/_0032_white.png
  artifactKey: Guid(92e76379babb346468bac6d0e2264d0c) Importer(815301076,1909f56bfc062723c751e8b465ee728b)
Start importing Assets/Sprites/_0032_white.png using Guid(92e76379babb346468bac6d0e2264d0c) Importer(815301076,1909f56bfc062723c751e8b465ee728b)  -> (artifact id: '30f13ea8068e5cdc8c04e489fe69b830') in 0.011055 seconds 
========================================================================
Received Import Request.
  Time since last request: 6.413589 seconds.
  path: Assets/Scenes/SampleScene.unity
  artifactKey: Guid(2cda990e2423bbf4892e6590ba056729) Importer(815301076,1909f56bfc062723c751e8b465ee728b)
Start importing Assets/Scenes/SampleScene.unity using Guid(2cda990e2423bbf4892e6590ba056729) Importer(815301076,1909f56bfc062723c751e8b465ee728b)  -> (artifact id: 'bf4037346e5eed1a06640d7245de4c94') in 0.005834 seconds 
AssetImportWorkerClient::OnTransportError - code=2 error=End of file
